OpenGL vendor string:   Intel Open Source Technology Center
OpenGL renderer string: Mesa DRI Intel(R) Haswell Desktop 
OpenGL version string:  3.0 Mesa 17.2.8

Not software rendered:    [32;01myes[00m
Not blacklisted:          [32;01myes[00m
GLX fbconfig:             [32;01myes[00m
GLX texture from pixmap:  [32;01myes[00m
GL npot or rect textures: [32;01myes[00m
GL vertex program:        [32;01myes[00m
GL fragment program:      [32;01myes[00m
GL vertex buffer object:  [32;01myes[00m
GL framebuffer object:    [32;01myes[00m
GL version is 1.4+:       [32;01myes[00m

Unity 3D supported:       [32;01myes[00m
Using compiz profile 'ubuntu:unity'
dbus-update-activation-environment: setting COMPIZ_CONFIG_PROFILE=ubuntu
dbus-update-activation-environment: setting UNITY_HAS_3D_SUPPORT=true
dbus-update-activation-environment: setting UNITY_DEFAULT_PROFILE=unity
compizconfig - Info: Backend     : gsettings
compizconfig - Info: Integration : true
compizconfig - Info: Profile     : unity
We're already using profile 'unity', no need to switch
compizconfig - Info: Backend     : gsettings
compizconfig - Info: Integration : true
compizconfig - Info: Profile     : unity
compiz (core) - Info: Loading plugin: core
compiz (core) - Info: Starting plugin: core
compiz (core) - Info: Loading plugin: ccp
compiz (core) - Info: Starting plugin: ccp
compizconfig - Info: Backend     : gsettings
compizconfig - Info: Integration : true
compizconfig - Info: Profile     : unity
compiz (core) - Info: Loading plugin: composite
compiz (core) - Info: Starting plugin: composite
compiz (core) - Info: Loading plugin: opengl
compiz (core) - Info: Starting plugin: opengl
Compiz (opengl) - Info: GLX_EXT_buffer_age is supported
compiz (core) - Info: Loading plugin: grid
compiz (core) - Info: Starting plugin: grid
compiz (core) - Info: Loading plugin: place
compiz (core) - Info: Starting plugin: place
compiz (core) - Info: Loading plugin: snap
compiz (core) - Info: Starting plugin: snap
compiz (core) - Info: Loading plugin: imgpng
compiz (core) - Info: Starting plugin: imgpng
compiz (core) - Info: Loading plugin: commands
compiz (core) - Info: Starting plugin: commands
compiz (core) - Info: Loading plugin: vpswitch
compiz (core) - Info: Starting plugin: vpswitch
compiz (core) - Info: Loading plugin: unitymtgrabhandles
compiz (core) - Info: Starting plugin: unitymtgrabhandles
compiz (core) - Info: Loading plugin: compiztoolbox
compiz (core) - Info: Starting plugin: compiztoolbox
compiz (core) - Info: Loading plugin: session
compiz (core) - Info: Starting plugin: session
compiz (core) - Info: Loading plugin: resize
compiz (core) - Info: Starting plugin: resize
compiz (core) - Info: Loading plugin: wall
compiz (core) - Info: Starting plugin: wall
compiz (core) - Info: Loading plugin: copytex
compiz (core) - Info: Starting plugin: copytex
compiz (core) - Info: Loading plugin: move
compiz (core) - Info: Starting plugin: move
compiz (core) - Info: Loading plugin: regex
compiz (core) - Info: Starting plugin: regex
compiz (core) - Info: Loading plugin: mousepoll
compiz (core) - Info: Starting plugin: mousepoll
compiz (core) - Info: Loading plugin: animation
compiz (core) - Info: Starting plugin: animation
compiz (core) - Info: Loading plugin: fade
compiz (core) - Info: Starting plugin: fade
compiz (core) - Info: Loading plugin: expo
compiz (core) - Info: Starting plugin: expo
compiz (core) - Info: Loading plugin: workarounds
compiz (core) - Info: Starting plugin: workarounds
compiz (core) - Info: Loading plugin: ezoom
compiz (core) - Info: Starting plugin: ezoom
compiz (core) - Info: Loading plugin: scale
compiz (core) - Info: Starting plugin: scale
compiz (core) - Info: Loading plugin: unityshell
compiz (core) - Info: Starting plugin: unityshell
WARN  2018-10-02 13:26:30 unity.glib.dbus.server GLibDBusServer.cpp:593 Can't register object 'org.gnome.Shell' yet as we don't have a connection, waiting for it...
WARN  2018-10-02 13:26:30 unity.debug.interface DebugDBusInterface.cpp:217 Unable to load entry point in libxpathselect: libxpathselect.so.1.4: no se puede abrir el archivo del objeto compartido: No existe el archivo o el directorio -- full D-Bus introspection will not be available
WARN  2018-10-02 13:26:30 unity.glib.dbus.server GLibDBusServer.cpp:593 Can't register object 'org.gnome.SessionManager.EndSessionDialog' yet as we don't have a connection, waiting for it...
WARN  2018-10-02 13:26:30 xim.controller XIMController.cpp:103 IBus natively supported.
WARN  2018-10-02 13:26:30 unity.dash.gsettingsscopereader GSettingsScopes.cpp:108 Error fetching protocol metadata for scope: social.scope : No se pudo encontrar la clave de archivo válida en los directorios de búsqueda
WARN  2018-10-02 13:26:30 unity.glib.dbus.server GLibDBusServer.cpp:593 Can't register object 'com.canonical.Unity.Launcher' yet as we don't have a connection, waiting for it...
WARN  2018-10-02 13:26:30 unity.glib.dbus.server GLibDBusServer.cpp:593 Can't register object 'com.canonical.Unity.Dash' yet as we don't have a connection, waiting for it...
WARN  2018-10-02 13:26:30 unity.glib.dbus.server GLibDBusServer.cpp:593 Can't register object 'com.canonical.Unity.Session' yet as we don't have a connection, waiting for it...
WARN  2018-10-02 13:26:30 unity.glib.dbus.server GLibDBusServer.cpp:593 Can't register object 'org.gnome.ScreenSaver' yet as we don't have a connection, waiting for it...
ERROR 2018-10-02 13:26:30 unity.glib.dbus.server GLibDBusServer.cpp:538 DBus name lost 'org.gnome.Shell'
ERROR 2018-10-02 13:26:30 unity.glib.dbus.server GLibDBusServer.cpp:538 DBus name lost 'com.canonical.Unity'
WARN  2018-10-02 13:26:30 unity.key.gnome.grabber GnomeKeyGrabber.cpp:108 Trying to grab a disabled action, we skip it
WARN  2018-10-02 13:26:30 unity.key.gnome.grabber GnomeKeyGrabber.cpp:108 Trying to grab a disabled action, we skip it
WARN  2018-10-02 13:26:30 unity.key.gnome.grabber GnomeKeyGrabber.cpp:108 Trying to grab a disabled action, we skip it
WARN  2018-10-02 13:26:30 unity.key.gnome.grabber GnomeKeyGrabber.cpp:108 Trying to grab a disabled action, we skip it
WARN  2018-10-02 13:26:30 unity.key.gnome.grabber GnomeKeyGrabber.cpp:108 Trying to grab a disabled action, we skip it
WARN  2018-10-02 13:26:30 unity.key.gnome.grabber GnomeKeyGrabber.cpp:108 Trying to grab a disabled action, we skip it
WARN  2018-10-02 13:26:30 unity.key.gnome.grabber GnomeKeyGrabber.cpp:108 Trying to grab a disabled action, we skip it
WARN  2018-10-02 13:26:30 unity.key.gnome.grabber GnomeKeyGrabber.cpp:108 Trying to grab a disabled action, we skip it
WARN  2018-10-02 13:26:30 unity.key.gnome.grabber GnomeKeyGrabber.cpp:108 Trying to grab a disabled action, we skip it
WARN  2018-10-02 13:26:30 unity.key.gnome.grabber GnomeKeyGrabber.cpp:108 Trying to grab a disabled action, we skip it
WARN  2018-10-02 13:27:21 unity.iconloader IconLoader.cpp:756 Unable to load icon file:/// at size -1x22: No se puede abrir el directorio
[90m[main 13:27:31][0m update#setState idle
bash: no se puede establecer el grupo de proceso de terminal (-1): Función ioctl no apropiada para el dispositivo
bash: no hay control de trabajos en este shell
ATTENTION: default value of option force_s3tc_enable overridden by environment.
[1:1:1002/132751.211585:ERROR:webthread_impl_for_utility_thread.cc(19)] Not implemented reached in virtual blink::ThreadScheduler *blink::scheduler::WebThreadImplForUtilityThread::Scheduler() const
[1:1:1002/132752.887053:ERROR:webthread_impl_for_utility_thread.cc(19)] Not implemented reached in virtual blink::ThreadScheduler *blink::scheduler::WebThreadImplForUtilityThread::Scheduler() const
[1:1:1002/132752.887302:ERROR:webthread_impl_for_utility_thread.cc(19)] Not implemented reached in virtual blink::ThreadScheduler *blink::scheduler::WebThreadImplForUtilityThread::Scheduler() const
[1:1:1002/132752.888117:ERROR:webthread_impl_for_utility_thread.cc(19)] Not implemented reached in virtual blink::ThreadScheduler *blink::scheduler::WebThreadImplForUtilityThread::Scheduler() const
[1:1:1002/132752.897323:ERROR:webthread_impl_for_utility_thread.cc(19)] Not implemented reached in virtual blink::ThreadScheduler *blink::scheduler::WebThreadImplForUtilityThread::Scheduler() const
[1:1:1002/132752.898527:ERROR:webthread_impl_for_utility_thread.cc(19)] Not implemented reached in virtual blink::ThreadScheduler *blink::scheduler::WebThreadImplForUtilityThread::Scheduler() const
[1:1:1002/132752.916357:ERROR:webthread_impl_for_utility_thread.cc(19)] Not implemented reached in virtual blink::ThreadScheduler *blink::scheduler::WebThreadImplForUtilityThread::Scheduler() const
[1:1:1002/132753.400148:ERROR:webthread_impl_for_utility_thread.cc(19)] Not implemented reached in virtual blink::ThreadScheduler *blink::scheduler::WebThreadImplForUtilityThread::Scheduler() const
[1:1:1002/132753.401128:ERROR:webthread_impl_for_utility_thread.cc(19)] Not implemented reached in virtual blink::ThreadScheduler *blink::scheduler::WebThreadImplForUtilityThread::Scheduler() const
[1:1:1002/132753.760847:ERROR:webthread_impl_for_utility_thread.cc(19)] Not implemented reached in virtual blink::ThreadScheduler *blink::scheduler::WebThreadImplForUtilityThread::Scheduler() const
[1:1:1002/132753.786603:ERROR:webthread_impl_for_utility_thread.cc(19)] Not implemented reached in virtual blink::ThreadScheduler *blink::scheduler::WebThreadImplForUtilityThread::Scheduler() const
[1:1:1002/132754.016579:ERROR:webthread_impl_for_utility_thread.cc(19)] Not implemented reached in virtual blink::ThreadScheduler *blink::scheduler::WebThreadImplForUtilityThread::Scheduler() const
[1:1:1002/132754.056281:ERROR:webthread_impl_for_utility_thread.cc(19)] Not implemented reached in virtual blink::ThreadScheduler *blink::scheduler::WebThreadImplForUtilityThread::Scheduler() const
[1:1:1002/132754.950510:ERROR:webthread_impl_for_utility_thread.cc(19)] Not implemented reached in virtual blink::ThreadScheduler *blink::scheduler::WebThreadImplForUtilityThread::Scheduler() const
[1:1:1002/132754.972242:ERROR:webthread_impl_for_utility_thread.cc(19)] Not implemented reached in virtual blink::ThreadScheduler *blink::scheduler::WebThreadImplForUtilityThread::Scheduler() const
[1:1:1002/132755.302503:ERROR:webthread_impl_for_utility_thread.cc(19)] Not implemented reached in virtual blink::ThreadScheduler *blink::scheduler::WebThreadImplForUtilityThread::Scheduler() const
[1:1:1002/132755.345240:ERROR:webthread_impl_for_utility_thread.cc(19)] Not implemented reached in virtual blink::ThreadScheduler *blink::scheduler::WebThreadImplForUtilityThread::Scheduler() const
[1:1:1002/132757.787995:ERROR:webthread_impl_for_utility_thread.cc(19)] Not implemented reached in virtual blink::ThreadScheduler *blink::scheduler::WebThreadImplForUtilityThread::Scheduler() const
[1:1:1002/132757.831138:ERROR:webthread_impl_for_utility_thread.cc(19)] Not implemented reached in virtual blink::ThreadScheduler *blink::scheduler::WebThreadImplForUtilityThread::Scheduler() const
[1:1:1002/132757.953337:ERROR:webthread_impl_for_utility_thread.cc(19)] Not implemented reached in virtual blink::ThreadScheduler *blink::scheduler::WebThreadImplForUtilityThread::Scheduler() const
[1:1:1002/132757.976614:ERROR:webthread_impl_for_utility_thread.cc(19)] Not implemented reached in virtual blink::ThreadScheduler *blink::scheduler::WebThreadImplForUtilityThread::Scheduler() const
[1:1:1002/132758.495923:ERROR:webthread_impl_for_utility_thread.cc(19)] Not implemented reached in virtual blink::ThreadScheduler *blink::scheduler::WebThreadImplForUtilityThread::Scheduler() const
[1:1:1002/132758.523012:ERROR:webthread_impl_for_utility_thread.cc(19)] Not implemented reached in virtual blink::ThreadScheduler *blink::scheduler::WebThreadImplForUtilityThread::Scheduler() const
[1:1:1002/132759.720571:ERROR:webthread_impl_for_utility_thread.cc(19)] Not implemented reached in virtual blink::ThreadScheduler *blink::scheduler::WebThreadImplForUtilityThread::Scheduler() const
[1:1:1002/132759.749622:ERROR:webthread_impl_for_utility_thread.cc(19)] Not implemented reached in virtual blink::ThreadScheduler *blink::scheduler::WebThreadImplForUtilityThread::Scheduler() const
[90m[main 13:28:01][0m update#setState checking for updates
[90m[main 13:28:02][0m update#setState idle
ERROR 2018-10-02 13:28:47 unityte <unknown>:0 g_value_set_object: assertion 'g_value_type_compatible (G_OBJECT_TYPE (v_object), G_VALUE_TYPE (value))' failed
[1:1:1002/132847.767705:ERROR:webthread_impl_for_utility_thread.cc(19)] Not implemented reached in virtual blink::ThreadScheduler *blink::scheduler::WebThreadImplForUtilityThread::Scheduler() const
ERROR 2018-10-02 13:33:58 nux.gestures_subscription GesturesSubscription.cpp:93 Failed to deactivate Geis subscription.
ERROR 2018-10-02 13:33:58 nux.gestures_subscription GesturesSubscription.cpp:93 Failed to deactivate Geis subscription.
ERROR 2018-10-02 13:33:58 nux.gestures_subscription GesturesSubscription.cpp:93 Failed to deactivate Geis subscription.
WARN  2018-10-02 13:34:01 unity.glib.dbus.proxy GLibDBusProxy.cpp:487 Calling method "SyncOne" on object path: "/com/canonical/Unity/Panel/Service" failed: GDBus.Error:org.freedesktop.DBus.Error.ServiceUnknown: The name com.canonical.Unity.Panel.Service.LockScreen was not provided by any .service files
[90m[main 14:28:01][0m update#setState checking for updates
[90m[main 14:28:02][0m update#setState idle
[1:1:1002/145616.508435:ERROR:webthread_impl_for_utility_thread.cc(19)] Not implemented reached in virtual blink::ThreadScheduler *blink::scheduler::WebThreadImplForUtilityThread::Scheduler() const
[90m[main 15:28:02][0m update#setState checking for updates
[90m[main 15:28:02][0m update#setState idle
[9112:9112:1002/153053.940031:ERROR:CONSOLE(1)] "Not allowed to load local resource: chrome-search://local-ntp/theme.css", source: https://www.google.com/_/chrome/newtab?ie=UTF-8 (1)
[9371:9371:1002/153135.628863:ERROR:gles2_cmd_decoder.cc(18047)] [.BrowserCompositor-0xb46a41c1000]GL ERROR :GL_INVALID_OPERATION : glCreateAndConsumeTextureCHROMIUM: invalid mailbox name
[9371:9371:1002/153135.628897:ERROR:gles2_cmd_decoder.cc(10168)] [.BrowserCompositor-0xb46a41c1000]RENDER WARNING: texture bound to texture unit 0 is not renderable. It maybe non-power-of-2 and have incompatible texture filtering.
[9371:9371:1002/153135.628915:ERROR:gles2_cmd_decoder.cc(18047)] [.BrowserCompositor-0xb46a41c1000]GL ERROR :GL_INVALID_OPERATION : glCreateAndConsumeTextureCHROMIUM: invalid mailbox name
[9371:9371:1002/153135.628933:ERROR:gles2_cmd_decoder.cc(10168)] [.BrowserCompositor-0xb46a41c1000]RENDER WARNING: texture bound to texture unit 0 is not renderable. It maybe non-power-of-2 and have incompatible texture filtering.
[9371:9371:1002/153135.697937:ERROR:gles2_cmd_decoder.cc(10168)] [.BrowserCompositor-0xb46a41c1000]RENDER WARNING: texture bound to texture unit 0 is not renderable. It maybe non-power-of-2 and have incompatible texture filtering.
[9371:9371:1002/153135.697981:ERROR:gles2_cmd_decoder.cc(10168)] [.BrowserCompositor-0xb46a41c1000]RENDER WARNING: texture bound to texture unit 0 is not renderable. It maybe non-power-of-2 and have incompatible texture filtering.
[9371:9371:1002/153135.715164:ERROR:gles2_cmd_decoder.cc(10168)] [.BrowserCompositor-0xb46a41c1000]RENDER WARNING: texture bound to texture unit 0 is not renderable. It maybe non-power-of-2 and have incompatible texture filtering.
[9371:9371:1002/153135.715216:ERROR:gles2_cmd_decoder.cc(10168)] [.BrowserCompositor-0xb46a41c1000]RENDER WARNING: texture bound to texture unit 0 is not renderable. It maybe non-power-of-2 and have incompatible texture filtering.
[9371:9371:1002/153135.731216:ERROR:gles2_cmd_decoder.cc(10168)] [.BrowserCompositor-0xb46a41c1000]RENDER WARNING: texture bound to texture unit 0 is not renderable. It maybe non-power-of-2 and have incompatible texture filtering.
[9371:9371:1002/153135.731269:ERROR:gles2_cmd_decoder.cc(10168)] [.BrowserCompositor-0xb46a41c1000]RENDER WARNING: texture bound to texture unit 0 is not renderable. It maybe non-power-of-2 and have incompatible texture filtering.
[9371:9371:1002/153135.748598:ERROR:gles2_cmd_decoder.cc(10168)] [.BrowserCompositor-0xb46a41c1000]RENDER WARNING: texture bound to texture unit 0 is not renderable. It maybe non-power-of-2 and have incompatible texture filtering.
[9371:9371:1002/153135.748658:ERROR:gles2_cmd_decoder.cc(10168)] [.BrowserCompositor-0xb46a41c1000]RENDER WARNING: texture bound to texture unit 0 is not renderable. It maybe non-power-of-2 and have incompatible texture filtering.
[9371:9371:1002/153135.765457:ERROR:gles2_cmd_decoder.cc(10168)] [.BrowserCompositor-0xb46a41c1000]RENDER WARNING: texture bound to texture unit 0 is not renderable. It maybe non-power-of-2 and have incompatible texture filtering.
[9371:9371:1002/153135.765518:ERROR:gles2_cmd_decoder.cc(10168)] [.BrowserCompositor-0xb46a41c1000]RENDER WARNING: texture bound to texture unit 0 is not renderable. It maybe non-power-of-2 and have incompatible texture filtering.
[9371:9371:1002/153135.781679:ERROR:gles2_cmd_decoder.cc(10168)] [.BrowserCompositor-0xb46a41c1000]RENDER WARNING: texture bound to texture unit 0 is not renderable. It maybe non-power-of-2 and have incompatible texture filtering.
[9371:9371:1002/153135.781722:ERROR:gles2_cmd_decoder.cc(10168)] [.BrowserCompositor-0xb46a41c1000]RENDER WARNING: texture bound to texture unit 0 is not renderable. It maybe non-power-of-2 and have incompatible texture filtering.
[9371:9371:1002/153135.800378:ERROR:gles2_cmd_decoder.cc(10168)] [.BrowserCompositor-0xb46a41c1000]RENDER WARNING: texture bound to texture unit 0 is not renderable. It maybe non-power-of-2 and have incompatible texture filtering.
[9371:9371:1002/153135.800416:ERROR:gles2_cmd_decoder.cc(10168)] [.BrowserCompositor-0xb46a41c1000]RENDER WARNING: texture bound to texture unit 0 is not renderable. It maybe non-power-of-2 and have incompatible texture filtering.
[9371:9371:1002/153135.814203:ERROR:gles2_cmd_decoder.cc(10168)] [.BrowserCompositor-0xb46a41c1000]RENDER WARNING: texture bound to texture unit 0 is not renderable. It maybe non-power-of-2 and have incompatible texture filtering.
[9371:9371:1002/153135.814240:ERROR:gles2_cmd_decoder.cc(10168)] [.BrowserCompositor-0xb46a41c1000]RENDER WARNING: texture bound to texture unit 0 is not renderable. It maybe non-power-of-2 and have incompatible texture filtering.
[9371:9371:1002/153135.831000:ERROR:gles2_cmd_decoder.cc(10168)] [.BrowserCompositor-0xb46a41c1000]RENDER WARNING: texture bound to texture unit 0 is not renderable. It maybe non-power-of-2 and have incompatible texture filtering.
[9371:9371:1002/153135.831045:ERROR:gles2_cmd_decoder.cc(10168)] [.BrowserCompositor-0xb46a41c1000]RENDER WARNING: texture bound to texture unit 0 is not renderable. It maybe non-power-of-2 and have incompatible texture filtering.
[9371:9371:1002/153135.861220:ERROR:gles2_cmd_decoder.cc(10168)] [.BrowserCompositor-0xb46a41c1000]RENDER WARNING: texture bound to texture unit 0 is not renderable. It maybe non-power-of-2 and have incompatible texture filtering.
[9371:9371:1002/153135.861257:ERROR:gles2_cmd_decoder.cc(10168)] [.BrowserCompositor-0xb46a41c1000]RENDER WARNING: texture bound to texture unit 0 is not renderable. It maybe non-power-of-2 and have incompatible texture filtering.
Gtk-Message: GtkDialog mapped without a transient parent. This is discouraged.
Gtk-Message: GtkDialog mapped without a transient parent. This is discouraged.

(eog:13389): EOG-WARNING **: Failed to open file '/home/parcial1sec02/.cache/thumbnails/normal/7cbde215f50a7b13c6537f22d2d6746a.png': No existe el archivo o el directorio

###!!! [Parent][MessageChannel] Error: (msgtype=0x170080,name=PBrowser::Msg_Destroy) Closed channel: cannot send/recv

[Parent 14062, Gecko_IOThread] WARNING: pipe error (117): Conexión reinicializada por la máquina remota: file /build/firefox-8oo9jx/firefox-62.0+build2/ipc/chromium/src/chrome/common/ipc_channel_posix.cc, line 353
[90m[main 16:28:02][0m update#setState checking for updates
[90m[main 16:28:02][0m update#setState idle

###!!! [Parent][MessageChannel] Error: (msgtype=0x170080,name=PBrowser::Msg_Destroy) Closed channel: cannot send/recv

[Parent 14372, Gecko_IOThread] WARNING: pipe error (52): Conexión reinicializada por la máquina remota: file /build/firefox-8oo9jx/firefox-62.0+build2/ipc/chromium/src/chrome/common/ipc_channel_posix.cc, line 353
[90m[main 17:28:02][0m update#setState checking for updates
[90m[main 17:28:05][0m update#setState idle
